lerna(verbose) GitUtilities.isInitialized    ()
lerna(verbose) GitUtilities.isInitialized    () => true
lerna(verbose) GitUtilities.getTopLevelDirectory()
lerna(verbose) GitUtilities.getTopLevelDirectory() => "."
lerna(verbose) FileSystemUtilities.existsSync("./lerna.json")
lerna(verbose) FileSystemUtilities.existsSync("./lerna.json") => true
lerna(verbose) FileSystemUtilities.readFileSync("./lerna.json")
lerna(verbose) FileSystemUtilities.readFileSync("./lerna.json") => "{\n  \"lerna\": \"2.0.0-beta.38\",\n  \"packages\": [\n    \"packages/*\"\n  ],\n  \"version\": \"independent\"\n}"
lerna(verbose) FileSystemUtilities.existsSync("./package.json")
lerna(verbose) FileSystemUtilities.existsSync("./package.json") => true
lerna(verbose) FileSystemUtilities.readFileSync("./package.json")
lerna(verbose) FileSystemUtilities.readFileSync("./package.json") => "{\n  \"name\": \"react-ts-boilerplate\",\n  \"version\": \"1.0.1\",\n  \"description\": \"A simple ts react boilerplate\",\n  \"main\": \"index.js\",\n  \"author\": \"RyanCCollins\",\n  \"license\": \"MIT\",\n  \"engines\": {\n    \"node\": \"6.9.5\",\n    \"npm\": \"3.10.8\"\n  },\n  \"jest\": {\n    \"moduleFileExtensions\": [\n      \"ts\",\n      \"tsx\",\n      \"js\"\n    ],\n    \"moduleNameMapper\": {\n      \"\\\\.(jpg|jpeg|png|gif|eot|otf|webp|svg|ttf|woff|woff2|mp4|webm|wav|mp3|m4a|aac|oga)$\": \"<rootDir>/config/testing/__mocks__/fileMock.js\",\n      \"\\\\.(css|less)$\": \"<rootDir>/config/testing/__mocks__/styleMock.js\"\n    },\n    \"testPathIgnorePatterns\": [\n      \"<rootDir>/(build|docs|node_modules)/\",\n      \"/__mocks__/\"\n    ],\n    \"transform\": {\n      \".*\": \"<rootDir>/config/testing/preprocessor.js\"\n    },\n    \"testRegex\": \"(/__tests__/.*|\\\\.(test|spec))\\\\.(ts|tsx|js)$\"\n  },\n  \"scripts\": {\n    \"precommit\": \"npm run lint --silent && npm run test\",\n    \"build\": \"webpack --config ./webpack.config.js\",\n    \"start\": \"node devServer.js\",\n    \"predeploy\": \"rimraf build/public/*.*\",\n    \"deploy\": \"cross-env NODE_ENV=production ./node_modules/.bin/webpack --config ./webpack.config.prod.js\",\n    \"postdeploy\": \"npm run compile\",\n    \"compile\": \"./node_modules/.bin/tsc\",\n    \"setup:yarn\": \"yarn\",\n    \"preserve\": \"npm run compile\",\n    \"lint\": \"tslint \\\"packages/**/*.ts{,x}\\\" && tslint \\\"src/**/*.ts{,x}\\\"\",\n    \"serve\": \"cross-env NODE_ENV=server node server.js\",\n    \"postinstall\": \"npm run deploy\",\n    \"generator\": \"plop --plopfile ./config/generators/cli.js\",\n    \"test\": \"cross-env NODE_ENV=test jest\",\n    \"test:watch\": \"npm run test -- --watch\",\n    \"test:update\": \"npm run test -- --u\",\n    \"storybook\": \"start-storybook -p 9001 -c ./config/.storybook\",\n    \"start:docs\": \"cd packages/docs && npm run start && cd ..\"\n  },\n  \"dependencies\": {\n    \"@kadira/react-storybook-addon-info\": \"^3.3.0\",\n    \"@kadira/storybook\": \"^2.35.3\",\n    \"@kadira/storybook-addon-knobs\": \"^1.7.1\",\n    \"@types/body-parser\": \"^0.0.34\",\n    \"@types/compression\": \"latest\",\n    \"@types/express\": \"latest\",\n    \"@types/graphql\": \"latest\",\n    \"@types/isomorphic-fetch\": \"^0.0.33\",\n    \"@types/mongoose\": \"^4.7.7\",\n    \"@types/morgan\": \"latest\",\n    \"@types/node\": \"^6.0.64\",\n    \"@types/react\": \"^15.0.14\",\n    \"@types/react-dom\": \"^0.14.23\",\n    \"@types/react-ga\": \"^1.4.7\",\n    \"@types/react-redux\": \"^4.4.35\",\n    \"@types/react-router\": \"^3.0.6\",\n    \"@types/react-router-redux\": \"^4.0.42\",\n    \"@types/reselect\": \"^2.0.27\",\n    \"@types/sinon\": \"^1.16.35\",\n    \"@types/webpack\": \"^2.2.11\",\n    \"apollo-client\": \"^0.10.1\",\n    \"apollo-codegen\": \"^0.10.8\",\n    \"autoprefixer\": \"^6.7.6\",\n    \"axios\": \"^0.15.3\",\n    \"babel-polyfill\": \"^6.23.0\",\n    \"body-parser\": \"^1.17.0\",\n    \"compression\": \"^1.6.2\",\n    \"cors\": \"^2.8.1\",\n    \"exports-loader\": \"^0.6.4\",\n    \"express\": \"^4.15.0\",\n    \"github-markdown-css\": \"^2.4.1\",\n    \"graphql\": \"^0.9.1\",\n    \"graphql-server-express\": \"^0.6.0\",\n    \"graphql-tag\": \"^1.3.1\",\n    \"html-webpack-plugin\": \"^2.28.0\",\n    \"imports-loader\": \"^0.7.1\",\n    \"isomorphic-fetch\": \"^2.2.1\",\n    \"json-loader\": \"^0.5.4\",\n    \"markdown-loader\": \"^2.0.0\",\n    \"mongoose\": \"^4.8.5\",\n    \"morgan\": \"^1.8.1\",\n    \"node-env-file\": \"^0.1.8\",\n    \"openui\": \"1.0.1\",\n    \"plop\": \"^1.7.4\",\n    \"precss\": \"^1.4.0\",\n    \"react\": \"^15.4.1\",\n    \"react-addons-test-utils\": \"^15.4.2\",\n    \"react-apollo\": \"^0.13.2\",\n    \"react-dom\": \"^15.4.1\",\n    \"react-ga\": \"^2.1.2\",\n    \"react-hot-loader\": \"3.0.0-beta.6\",\n    \"react-markdown\": \"^2.4.5\",\n    \"react-redux\": \"^5.0.3\",\n    \"react-router\": \"^3.0.2\",\n    \"react-router-redux\": \"^4.0.8\",\n    \"redux\": \"^3.6.0\",\n    \"redux-connect\": \"^5.0.0\",\n    \"redux-logic\": \"^0.11.7\",\n    \"redux-mock-provider\": \"^1.0.0\",\n    \"reselect\": \"^2.5.4\",\n    \"rxjs\": \"^5.2.0\",\n    \"serialize-javascript\": \"^1.3.0\",\n    \"shortid\": \"^2.2.6\",\n    \"sinon\": \"^1.17.7\",\n    \"styled-components\": \"^1.4.4\"\n  },\n  \"devDependencies\": {\n    \"@types/enzyme\": \"^2.7.5\",\n    \"@types/jest\": \"^18.1.1\",\n    \"babel-core\": \"^6.23.1\",\n    \"babel-loader\": \"^6.3.2\",\n    \"babel-plugin-webpack-alias\": \"^2.1.2\",\n    \"babel-preset-es2015\": \"^6.18.0\",\n    \"babel-preset-jest\": \"^19.0.0\",\n    \"babel-preset-react\": \"^6.23.0\",\n    \"babel-preset-stage-0\": \"^6.16.0\",\n    \"cross-env\": \"^3.2.3\",\n    \"css-loader\": \"^0.26.2\",\n    \"enzyme\": \"^2.7.1\",\n    \"enzyme-to-json\": \"^1.5.0\",\n    \"extract-text-webpack-plugin\": \"^2.0.0\",\n    \"html-loader\": \"^0.4.5\",\n    \"husky\": \"^0.13.2\",\n    \"jest\": \"^19.0.2\",\n    \"lerna\": \"2.0.0-beta.38\",\n    \"postcss-loader\": \"^1.3.3\",\n    \"react-storybook-addon-props-combinations\": \"^0.3.0\",\n    \"redux-logic-test\": \"^1.0.3\",\n    \"redux-mock-store\": \"^1.2.2\",\n    \"rimraf\": \"^2.6.1\",\n    \"style-loader\": \"^0.13.2\",\n    \"ts-jest\": \"^19.0.0\",\n    \"ts-loader\": \"^2.0.1\",\n    \"tslint\": \"^4.5.1\",\n    \"tslint-eslint-rules\": \"^3.5.1\",\n    \"tslint-loader\": \"^3.4.3\",\n    \"tslint-react\": \"^2.5.0\",\n    \"typescript\": \"^2.2.1\",\n    \"webpack\": \"^2.2.1\",\n    \"webpack-dev-middleware\": \"^1.10.1\",\n    \"webpack-hot-middleware\": \"^2.17.1\",\n    \"webpack-manifest-plugin\": \"^1.1.0\"\n  }\n}"
lerna(info)    Lerna v2.0.0-beta.38
lerna(info)    Independent Versioning Mode
lerna(verbose) FileSystemUtilities.existsSync("./package.json")
lerna(verbose) FileSystemUtilities.existsSync("./package.json") => true
lerna(verbose) FileSystemUtilities.existsSync("./lerna.json")
lerna(verbose) FileSystemUtilities.existsSync("./lerna.json") => true
lerna(verbose) FileSystemUtilities.existsSync("./VERSION")
lerna(verbose) FileSystemUtilities.existsSync("./VERSION") => false
lerna(verbose) FileSystemUtilities.existsSync("./packages/app/package.json")
lerna(verbose) FileSystemUtilities.existsSync("./packages/app/package.json") => true
lerna(verbose) FileSystemUtilities.existsSync("./packages/docs/package.json")
lerna(verbose) FileSystemUtilities.existsSync("./packages/docs/package.json") => true
lerna(verbose) FileSystemUtilities.existsSync("./packages/ui/package.json")
lerna(verbose) FileSystemUtilities.existsSync("./packages/ui/package.json") => true
lerna(verbose) Attempting running BootstrapCommand.initialize
lerna(verbose) Successfully ran BootstrapCommand.initialize
lerna(verbose) Attempting running BootstrapCommand.execute
lerna(info)    Bootstrapping 3 packages
lerna(info)    Preinstalling packages
lerna(info)    Installing external dependencies
lerna(verbose) NpmUtilities.installInDir     ("./packages/app", ["@types/compression@latest","@types/express@latest","@types/graphql@latest","@typ...)
lerna(verbose) FileSystemUtilities.rename    ("./packages/app/package.json", "./packages/app/package.json.lerna_backup")
lerna(verbose) NpmUtilities.installInDir     ("./packages/docs", ["@types/compression@latest","@types/express@latest","@types/graphql@latest","@ty...)
lerna(verbose) FileSystemUtilities.rename    ("./packages/docs/package.json", "./packages/docs/package.json.lerna_backup")
lerna(verbose) FileSystemUtilities.rename    ("./packages/app/package.json", "./packages/app/package.json.lerna_backup") => 
lerna(verbose) FileSystemUtilities.writeFile ("./packages/app/package.json", "{\"dependencies\":{\"@types/compression\":\"latest\",\"@types/expres...)
lerna(verbose) FileSystemUtilities.rename    ("./packages/docs/package.json", "./packages/docs/package.json.lerna_backup") => 
lerna(verbose) FileSystemUtilities.writeFile ("./packages/docs/package.json", "{\"dependencies\":{\"@types/compression\":\"latest\",\"@types/expre...)
lerna(verbose) FileSystemUtilities.writeFile ("./packages/docs/package.json", "{\"dependencies\":{\"@types/compression\":\"latest\",\"@types/expre...) => 
lerna(verbose) FileSystemUtilities.writeFile ("./packages/app/package.json", "{\"dependencies\":{\"@types/compression\":\"latest\",\"@types/expres...) => 
lerna(verbose) FileSystemUtilities.renameSync("./packages/app/package.json.lerna_backup", "./packages/app/package.json")
lerna(verbose) FileSystemUtilities.renameSync("./packages/app/package.json.lerna_backup", "./packages/app/package.json") => 
lerna(verbose) NpmUtilities.installInDir     ("./packages/app", ["@types/compression@latest","@types/express@latest","@types/graphql@latest","@typ...) => 
lerna(verbose) FileSystemUtilities.renameSync("./packages/docs/package.json.lerna_backup", "./packages/docs/package.json")
lerna(verbose) FileSystemUtilities.renameSync("./packages/docs/package.json.lerna_backup", "./packages/docs/package.json") => 
lerna(verbose) NpmUtilities.installInDir     ("./packages/docs", ["@types/compression@latest","@types/express@latest","@types/graphql@latest","@ty...) => 
lerna(info)    Symlinking packages and binaries
lerna(verbose) FileSystemUtilities.existsSync("./packages/ui/package.json")
lerna(verbose) FileSystemUtilities.existsSync("./packages/ui/package.json") => true
lerna(verbose) FileSystemUtilities.existsSync("./packages/app/node_modules/openui")
lerna(verbose) FileSystemUtilities.existsSync("./packages/app/node_modules/openui") => true
lerna(verbose) FileSystemUtilities.isSymlink ("./packages/app/node_modules/openui")
lerna(verbose) FileSystemUtilities.isSymlink ("./packages/app/node_modules/openui") => "./packages/ui"
lerna(verbose) FileSystemUtilities.existsSync("./packages/ui/package.json")
lerna(verbose) FileSystemUtilities.existsSync("./packages/ui/package.json") => true
lerna(verbose) FileSystemUtilities.existsSync("./packages/docs/node_modules/openui")
lerna(verbose) FileSystemUtilities.existsSync("./packages/docs/node_modules/openui") => true
lerna(verbose) FileSystemUtilities.isSymlink ("./packages/docs/node_modules/openui")
lerna(verbose) FileSystemUtilities.isSymlink ("./packages/docs/node_modules/openui") => "./packages/ui"
lerna(verbose) FileSystemUtilities.mkdirp    ("./packages/app/node_modules")
lerna(verbose) FileSystemUtilities.mkdirp    ("./packages/app/node_modules") => null
lerna(verbose) FileSystemUtilities.symlink   ("./packages/ui", "./packages/app/node_modules/openui", "junction")
lerna(verbose) FileSystemUtilities.symlink   ("./packages/ui", "./packages/app/node_modules/openui", "junction") => 
lerna(verbose) FileSystemUtilities.mkdirp    ("./packages/docs/node_modules")
lerna(verbose) FileSystemUtilities.mkdirp    ("./packages/docs/node_modules") => null
lerna(verbose) FileSystemUtilities.symlink   ("./packages/ui", "./packages/docs/node_modules/openui", "junction")
lerna(verbose) FileSystemUtilities.symlink   ("./packages/ui", "./packages/docs/node_modules/openui", "junction") => 
lerna(info)    Postinstalling packages
lerna(verbose) NpmUtilities.runScriptInDir   ("postinstall", [], "./packages/app")
lerna(verbose) NpmUtilities.execInDir        ("run postinstall", [], "./packages/app")
lerna(verbose) NpmUtilities.runScriptInDir   ("postinstall", [], "./packages/docs")
lerna(verbose) NpmUtilities.execInDir        ("run postinstall", [], "./packages/docs")
lerna(error)   NpmUtilities.execInDir        ("run postinstall", [], "./packages/docs")
    Error: Command failed: npm run postinstall 
    
    npm ERR! Darwin 15.6.0
    npm ERR! argv "/Users/myMac/.nvm/versions/node/v6.9.5/bin/node" "/usr/local/bin/npm" "run" "deploy"
    npm ERR! node v6.9.5
    npm ERR! npm  v4.1.2
    npm ERR! code ELIFECYCLE
    npm ERR! react-ts-boilerplate@1.0.1 deploy: `cross-env NODE_ENV=production ./node_modules/.bin/webpack --config ./webpack.config.prod.js`
    npm ERR! Exit status 2
    npm ERR! 
    npm ERR! Failed at the react-ts-boilerplate@1.0.1 deploy script 'cross-env NODE_ENV=production ./node_modules/.bin/webpack --config ./webpack.config.prod.js'.
    npm ERR! Make sure you have the latest version of node.js and npm installed.
    npm ERR! If you do, this is most likely a problem with the react-ts-boilerplate package,
    npm ERR! not with npm itself.
    npm ERR! Tell the author that this fails on your system:
    npm ERR!     cross-env NODE_ENV=production ./node_modules/.bin/webpack --config ./webpack.config.prod.js
    npm ERR! You can get information on how to open an issue for this project with:
    npm ERR!     npm bugs react-ts-boilerplate
    npm ERR! Or if that isn't available, you can get their info via:
    npm ERR!     npm owner ls react-ts-boilerplate
    npm ERR! There is likely additional logging output above.
    
    npm ERR! Please include the following file with any support request:
    npm ERR!     /Users/myMac/Developer/works-in-progress/open-source-maintaining/scalable-react-ts-boilerplate/packages/docs/npm-debug.log
    
    npm ERR! Darwin 15.6.0
    npm ERR! argv "/Users/myMac/.nvm/versions/node/v6.9.5/bin/node" "/usr/local/bin/npm" "run" "postinstall"
    npm ERR! node v6.9.5
    npm ERR! npm  v4.1.2
    npm ERR! code ELIFECYCLE
    npm ERR! react-ts-boilerplate@1.0.1 postinstall: `npm run deploy`
    npm ERR! Exit status 1
    npm ERR! 
    npm ERR! Failed at the react-ts-boilerplate@1.0.1 postinstall script 'npm run deploy'.
    npm ERR! Make sure you have the latest version of node.js and npm installed.
    npm ERR! If you do, this is most likely a problem with the react-ts-boilerplate package,
    npm ERR! not with npm itself.
    npm ERR! Tell the author that this fails on your system:
    npm ERR!     npm run deploy
    npm ERR! You can get information on how to open an issue for this project with:
    npm ERR!     npm bugs react-ts-boilerplate
    npm ERR! Or if that isn't available, you can get their info via:
    npm ERR!     npm owner ls react-ts-boilerplate
    npm ERR! There is likely additional logging output above.
    
    npm ERR! Please include the following file with any support request:
    npm ERR!     /Users/myMac/Developer/works-in-progress/open-source-maintaining/scalable-react-ts-boilerplate/packages/docs/npm-debug.log
    
        at ChildProcess.exithandler (child_process.js:206:12)
        at emitTwo (events.js:106:13)
        at ChildProcess.emit (events.js:191:7)
        at maybeClose (internal/child_process.js:877:16)
        at Socket.<anonymous> (internal/child_process.js:334:11)
        at emitOne (events.js:96:13)
        at Socket.emit (events.js:188:7)
        at Pipe._handle.close [as _onclose] (net.js:498:12)
lerna(error)   
> react-ts-boilerplate@1.0.1 postinstall /Users/myMac/Developer/works-in-progress/open-source-maintaining/scalable-react-ts-boilerplate/packages/docs
> npm run deploy


> react-ts-boilerplate@1.0.1 predeploy /Users/myMac/Developer/works-in-progress/open-source-maintaining/scalable-react-ts-boilerplate/packages/docs
> rimraf build/public/*.*


> react-ts-boilerplate@1.0.1 deploy /Users/myMac/Developer/works-in-progress/open-source-maintaining/scalable-react-ts-boilerplate/packages/docs
> cross-env NODE_ENV=production ./node_modules/.bin/webpack --config ./webpack.config.prod.js

ts-loader: Using typescript@2.2.1 and /Users/myMac/Developer/works-in-progress/open-source-maintaining/scalable-react-ts-boilerplate/packages/docs/tsconfig.json
Hash: c59775a9173a97979d55
Version: webpack 2.2.1
Time: 76953ms
                                        Asset       Size  Chunks                    Chunk Names
               vendor.cd6fd8d73780df559d25.js     788 kB       0  [emitted]  [big]  vendor
                 main.ed3c014a157b297ac345.js    2.75 MB       1  [emitted]  [big]  main
    main.8a66c7d749542e0d8d94ae265958bc98.css    11.3 kB       1  [emitted]         main
             main.ed3c014a157b297ac345.js.map     3.2 MB       1  [emitted]         main
main.8a66c7d749542e0d8d94ae265958bc98.css.map  118 bytes       1  [emitted]         main
                                manifest.json  285 bytes          [emitted]         
  [20] ./~/styled-components/dist/styled-components.es.js 226 kB {0} {1} [built]
  [33] ./~/redux/es/index.js 1.08 kB {0} {1} [built]
  [77] ./~/react-redux/es/index.js 194 bytes {0} {1} [built]
  [85] ./~/graphql-tag/index.js 4.66 kB {0} {1} [built]
 [156] ./~/apollo-client/index.js 1.26 kB {0} {1} [built]
 [157] ./~/react-apollo/lib/browser.js 650 bytes {0} {1} [built]
 [158] ./~/react-router/es/index.js 1.46 kB {0} {1} [built]
 [240] ./~/react-router-redux/lib/index.js 1.97 kB {0} {1} [built]
 [293] ./~/axios/index.js 40 bytes {0} {1} [built]
 [646] ./src/client/index.tsx 1.22 kB {1} [built]
 [647] ./~/react-markdown/src/react-markdown.js 2.1 kB {0} [built]
 [648] ./~/redux-connect/lib/index.js 1.52 kB {0} [built]
 [649] ./~/rxjs/Rx.js 9.58 kB {0} [built]
[1269] multi ./src/client/index.tsx 28 bytes {1} [built]
[1270] multi react react-dom styled-components react-redux react-router react-router-redux react-markdown redux-connect redux rxjs axios redux-logic react-apollo graphql-tag apollo-client 196 bytes {0} [built]
    + 1259 hidden modules

ERROR in /Users/myMac/Developer/works-in-progress/open-source-maintaining/scalable-react-ts-boilerplate/packages/docs/node_modules/openui/dist/Paragraph/types.d.ts
(1,10): error TS2305: Module '"/Users/myMac/Developer/works-in-progress/open-source-maintaining/scalable-react-ts-boilerplate/packages/docs/node_modules/openui/dist/Paragraph/index"' has no exported member 'Props'.

ERROR in /Users/myMac/Developer/works-in-progress/open-source-maintaining/scalable-react-ts-boilerplate/packages/docs/node_modules/openui/dist/Paragraph/types.d.ts
(1,17): error TS2305: Module '"/Users/myMac/Developer/works-in-progress/open-source-maintaining/scalable-react-ts-boilerplate/packages/docs/node_modules/openui/dist/Paragraph/index"' has no exported member 'ParagraphSize'.

ERROR in /Users/myMac/Developer/works-in-progress/open-source-maintaining/scalable-react-ts-boilerplate/packages/docs/node_modules/openui/dist/Paragraph/types.d.ts
(1,32): error TS2305: Module '"/Users/myMac/Developer/works-in-progress/open-source-maintaining/scalable-react-ts-boilerplate/packages/docs/node_modules/openui/dist/Paragraph/index"' has no exported member 'Margin'.

ERROR in /Users/myMac/Developer/works-in-progress/open-source-maintaining/scalable-react-ts-boilerplate/packages/docs/node_modules/openui/dist/Paragraph/types.d.ts
(1,40): error TS2305: Module '"/Users/myMac/Developer/works-in-progress/open-source-maintaining/scalable-react-ts-boilerplate/packages/docs/node_modules/openui/dist/Paragraph/index"' has no exported member 'SizeMap'.

ERROR in /Users/myMac/Developer/works-in-progress/open-source-maintaining/scalable-react-ts-boilerplate/packages/docs/node_modules/openui/dist/Paragraph/types.d.ts
(1,49): error TS2305: Module '"/Users/myMac/Developer/works-in-progress/open-source-maintaining/scalable-react-ts-boilerplate/packages/docs/node_modules/openui/dist/Paragraph/index"' has no exported member 'MarginSizeMap'.

ERROR in /Users/myMac/Developer/works-in-progress/open-source-maintaining/scalable-react-ts-boilerplate/packages/docs/node_modules/openui/dist/Avatar/styles.d.ts
(2,10): error TS2305: Module '"/Users/myMac/Developer/works-in-progress/open-source-maintaining/scalable-react-ts-boilerplate/packages/docs/node_modules/openui/dist/Avatar/index"' has no exported member 'Props'.

ERROR in ./src/client/containers/Home/presentation.tsx
(31,24): error TS2339: Property 'margin' does not exist on type 'IntrinsicAttributes & IntrinsicClassAttributes<Component<ThemedOuterStyledProps<HTMLProps<HTMLPar...'.

ERROR in ./src/client/containers/Home/presentation.tsx
(31,39): error TS2339: Property 'paragraphSize' does not exist on type 'IntrinsicAttributes & IntrinsicClassAttributes<Component<ThemedOuterStyledProps<HTMLProps<HTMLPar...'.

ERROR in ./src/client/containers/App/presentation.tsx
(57,24): error TS2339: Property 'margin' does not exist on type 'IntrinsicAttributes & IntrinsicClassAttributes<Component<ThemedOuterStyledProps<HTMLProps<HTMLPar...'.

ERROR in main.ed3c014a157b297ac345.js from UglifyJs
SyntaxError: Name expected [main.ed3c014a157b297ac345.js:61232,8]
Child extract-text-webpack-plugin:
       [0] ./~/css-loader/lib/css-base.js 1.46 kB {0} [built]
       [1] ./~/css-loader!./~/postcss-loader!../ui/~/github-markdown-css/github-markdown.css 11.4 kB {0} [built]

lerna(error)   NpmUtilities.runScriptInDir   ("postinstall", [], "./packages/docs")
lerna(error)   
> react-ts-boilerplate@1.0.1 postinstall /Users/myMac/Developer/works-in-progress/open-source-maintaining/scalable-react-ts-boilerplate/packages/docs
> npm run deploy


> react-ts-boilerplate@1.0.1 predeploy /Users/myMac/Developer/works-in-progress/open-source-maintaining/scalable-react-ts-boilerplate/packages/docs
> rimraf build/public/*.*


> react-ts-boilerplate@1.0.1 deploy /Users/myMac/Developer/works-in-progress/open-source-maintaining/scalable-react-ts-boilerplate/packages/docs
> cross-env NODE_ENV=production ./node_modules/.bin/webpack --config ./webpack.config.prod.js

ts-loader: Using typescript@2.2.1 and /Users/myMac/Developer/works-in-progress/open-source-maintaining/scalable-react-ts-boilerplate/packages/docs/tsconfig.json
Hash: c59775a9173a97979d55
Version: webpack 2.2.1
Time: 76953ms
                                        Asset       Size  Chunks                    Chunk Names
               vendor.cd6fd8d73780df559d25.js     788 kB       0  [emitted]  [big]  vendor
                 main.ed3c014a157b297ac345.js    2.75 MB       1  [emitted]  [big]  main
    main.8a66c7d749542e0d8d94ae265958bc98.css    11.3 kB       1  [emitted]         main
             main.ed3c014a157b297ac345.js.map     3.2 MB       1  [emitted]         main
main.8a66c7d749542e0d8d94ae265958bc98.css.map  118 bytes       1  [emitted]         main
                                manifest.json  285 bytes          [emitted]         
  [20] ./~/styled-components/dist/styled-components.es.js 226 kB {0} {1} [built]
  [33] ./~/redux/es/index.js 1.08 kB {0} {1} [built]
  [77] ./~/react-redux/es/index.js 194 bytes {0} {1} [built]
  [85] ./~/graphql-tag/index.js 4.66 kB {0} {1} [built]
 [156] ./~/apollo-client/index.js 1.26 kB {0} {1} [built]
 [157] ./~/react-apollo/lib/browser.js 650 bytes {0} {1} [built]
 [158] ./~/react-router/es/index.js 1.46 kB {0} {1} [built]
 [240] ./~/react-router-redux/lib/index.js 1.97 kB {0} {1} [built]
 [293] ./~/axios/index.js 40 bytes {0} {1} [built]
 [646] ./src/client/index.tsx 1.22 kB {1} [built]
 [647] ./~/react-markdown/src/react-markdown.js 2.1 kB {0} [built]
 [648] ./~/redux-connect/lib/index.js 1.52 kB {0} [built]
 [649] ./~/rxjs/Rx.js 9.58 kB {0} [built]
[1269] multi ./src/client/index.tsx 28 bytes {1} [built]
[1270] multi react react-dom styled-components react-redux react-router react-router-redux react-markdown redux-connect redux rxjs axios redux-logic react-apollo graphql-tag apollo-client 196 bytes {0} [built]
    + 1259 hidden modules

ERROR in /Users/myMac/Developer/works-in-progress/open-source-maintaining/scalable-react-ts-boilerplate/packages/docs/node_modules/openui/dist/Paragraph/types.d.ts
(1,10): error TS2305: Module '"/Users/myMac/Developer/works-in-progress/open-source-maintaining/scalable-react-ts-boilerplate/packages/docs/node_modules/openui/dist/Paragraph/index"' has no exported member 'Props'.

ERROR in /Users/myMac/Developer/works-in-progress/open-source-maintaining/scalable-react-ts-boilerplate/packages/docs/node_modules/openui/dist/Paragraph/types.d.ts
(1,17): error TS2305: Module '"/Users/myMac/Developer/works-in-progress/open-source-maintaining/scalable-react-ts-boilerplate/packages/docs/node_modules/openui/dist/Paragraph/index"' has no exported member 'ParagraphSize'.

ERROR in /Users/myMac/Developer/works-in-progress/open-source-maintaining/scalable-react-ts-boilerplate/packages/docs/node_modules/openui/dist/Paragraph/types.d.ts
(1,32): error TS2305: Module '"/Users/myMac/Developer/works-in-progress/open-source-maintaining/scalable-react-ts-boilerplate/packages/docs/node_modules/openui/dist/Paragraph/index"' has no exported member 'Margin'.

ERROR in /Users/myMac/Developer/works-in-progress/open-source-maintaining/scalable-react-ts-boilerplate/packages/docs/node_modules/openui/dist/Paragraph/types.d.ts
(1,40): error TS2305: Module '"/Users/myMac/Developer/works-in-progress/open-source-maintaining/scalable-react-ts-boilerplate/packages/docs/node_modules/openui/dist/Paragraph/index"' has no exported member 'SizeMap'.

ERROR in /Users/myMac/Developer/works-in-progress/open-source-maintaining/scalable-react-ts-boilerplate/packages/docs/node_modules/openui/dist/Paragraph/types.d.ts
(1,49): error TS2305: Module '"/Users/myMac/Developer/works-in-progress/open-source-maintaining/scalable-react-ts-boilerplate/packages/docs/node_modules/openui/dist/Paragraph/index"' has no exported member 'MarginSizeMap'.

ERROR in /Users/myMac/Developer/works-in-progress/open-source-maintaining/scalable-react-ts-boilerplate/packages/docs/node_modules/openui/dist/Avatar/styles.d.ts
(2,10): error TS2305: Module '"/Users/myMac/Developer/works-in-progress/open-source-maintaining/scalable-react-ts-boilerplate/packages/docs/node_modules/openui/dist/Avatar/index"' has no exported member 'Props'.

ERROR in ./src/client/containers/Home/presentation.tsx
(31,24): error TS2339: Property 'margin' does not exist on type 'IntrinsicAttributes & IntrinsicClassAttributes<Component<ThemedOuterStyledProps<HTMLProps<HTMLPar...'.

ERROR in ./src/client/containers/Home/presentation.tsx
(31,39): error TS2339: Property 'paragraphSize' does not exist on type 'IntrinsicAttributes & IntrinsicClassAttributes<Component<ThemedOuterStyledProps<HTMLProps<HTMLPar...'.

ERROR in ./src/client/containers/App/presentation.tsx
(57,24): error TS2339: Property 'margin' does not exist on type 'IntrinsicAttributes & IntrinsicClassAttributes<Component<ThemedOuterStyledProps<HTMLProps<HTMLPar...'.

ERROR in main.ed3c014a157b297ac345.js from UglifyJs
SyntaxError: Name expected [main.ed3c014a157b297ac345.js:61232,8]
Child extract-text-webpack-plugin:
       [0] ./~/css-loader/lib/css-base.js 1.46 kB {0} [built]
       [1] ./~/css-loader!./~/postcss-loader!../ui/~/github-markdown-css/github-markdown.css 11.4 kB {0} [built]

lerna(error)   Errored while running BootstrapCommand.execute
